[INFO ] 2023-07-21 01:13:03.771 [main] UserTest - --------creating user--------
[INFO ] 2023-07-21 01:13:25.061 [main] UserTest - --------user is created--------
[INFO ] 2023-07-21 01:24:47.280 [main] UserTest - --------creating user--------
[INFO ] 2023-07-21 01:24:53.887 [main] UserTest - --------user is created--------
[INFO ] 2023-07-21 01:24:53.952 [main] UserTest - --------reading user info--------
[INFO ] 2023-07-21 01:24:54.577 [main] UserTest - --------user info displayed--------
[INFO ] 2023-07-21 01:24:54.588 [main] UserTest - --------updaating user--------
[INFO ] 2023-07-21 01:24:55.258 [main] UserTest - --------user updated--------
[INFO ] 2023-07-21 01:24:55.270 [main] UserTest - --------deleting user--------
[INFO ] 2023-07-21 01:24:55.897 [main] UserTest - --------user deleted--------
[INFO ] 2023-07-21 01:24:55.908 [main] UserTest - --------viewing all user--------
[INFO ] 2023-07-21 01:24:56.445 [main] UserTest - --------all users displayed--------
[INFO ] 2023-07-21 01:38:53.099 [main] UserTest - --------creating user--------
[INFO ] 2023-07-21 01:39:06.988 [main] UserTest - --------user is created--------
[INFO ] 2023-07-21 01:39:07.012 [main] UserTest - --------reading user info--------
[INFO ] 2023-07-21 01:39:07.854 [main] UserTest - --------user info displayed--------
[INFO ] 2023-07-21 01:39:07.859 [main] UserTest - --------updaating user--------
[INFO ] 2023-07-21 01:39:11.858 [main] UserTest - --------user updated--------
[INFO ] 2023-07-21 01:39:11.868 [main] UserTest - --------deleting user--------
[INFO ] 2023-07-21 01:39:13.590 [main] UserTest - --------user deleted--------
[INFO ] 2023-07-21 01:39:13.598 [main] UserTest - --------viewing all user--------
[INFO ] 2023-07-21 01:39:14.285 [main] UserTest - --------all users displayed--------
[INFO ] 2023-07-21 04:22:13.714 [main] UserTest - --------creating user--------
[INFO ] 2023-07-21 04:22:21.821 [main] UserTest - --------user is created--------
[INFO ] 2023-07-21 04:22:21.852 [main] UserTest - --------reading user info--------
[INFO ] 2023-07-21 04:22:22.508 [main] UserTest - --------user info displayed--------
[INFO ] 2023-07-21 04:22:22.508 [main] UserTest - --------updaating user--------
[INFO ] 2023-07-21 04:22:23.086 [main] UserTest - --------user updated--------
[INFO ] 2023-07-21 04:22:23.102 [main] UserTest - --------deleting user--------
[INFO ] 2023-07-21 04:22:23.711 [main] UserTest - --------user deleted--------
[INFO ] 2023-07-21 04:22:23.711 [main] UserTest - --------viewing all user--------
[INFO ] 2023-07-21 04:22:24.323 [main] UserTest - --------all users displayed--------
[INFO ] 2023-07-21 04:44:11.506 [main] UserTest - --------creating user--------
[INFO ] 2023-07-21 04:44:25.406 [main] UserTest - --------user is created--------
[INFO ] 2023-07-21 04:44:25.458 [main] UserTest - --------reading user info--------
[INFO ] 2023-07-21 04:44:26.093 [main] UserTest - --------user info displayed--------
[INFO ] 2023-07-21 04:44:26.097 [main] UserTest - --------updaating user--------
[INFO ] 2023-07-21 04:44:26.777 [main] UserTest - --------user updated--------
[INFO ] 2023-07-21 04:44:26.790 [main] UserTest - --------deleting user--------
[INFO ] 2023-07-21 04:44:27.388 [main] UserTest - --------user deleted--------
[INFO ] 2023-07-21 04:44:27.398 [main] UserTest - --------viewing all user--------
[INFO ] 2023-07-21 04:44:28.029 [main] UserTest - --------all users displayed--------
[INFO ] 2023-07-21 12:53:48.699 [main] UserTest - --------creating user--------
[INFO ] 2023-07-21 12:54:04.133 [main] UserTest - --------user is created--------
[INFO ] 2023-07-21 12:54:04.179 [main] UserTest - --------reading user info--------
[INFO ] 2023-07-21 12:54:05.411 [main] UserTest - --------user info displayed--------
[INFO ] 2023-07-21 12:54:05.417 [main] UserTest - --------updaating user--------
[INFO ] 2023-07-21 12:54:06.091 [main] UserTest - --------user updated--------
[INFO ] 2023-07-21 12:54:06.097 [main] UserTest - --------deleting user--------
[INFO ] 2023-07-21 12:54:10.539 [main] UserTest - --------user deleted--------
[INFO ] 2023-07-21 12:54:10.550 [main] UserTest - --------viewing all user--------
[INFO ] 2023-07-21 12:54:11.188 [main] UserTest - --------all users displayed--------
[INFO ] 2023-07-21 13:29:40.281 [main] UserTest - --------creating user--------
[INFO ] 2023-07-21 13:29:47.602 [main] UserTest - --------user is created--------
[INFO ] 2023-07-21 13:29:47.637 [main] UserTest - --------reading user info--------
[INFO ] 2023-07-21 13:29:48.830 [main] UserTest - --------user info displayed--------
[INFO ] 2023-07-21 13:29:48.851 [main] UserTest - --------updaating user--------
[INFO ] 2023-07-21 13:29:49.492 [main] UserTest - --------user updated--------
[INFO ] 2023-07-21 13:29:49.500 [main] UserTest - --------deleting user--------
[INFO ] 2023-07-21 13:29:50.128 [main] UserTest - --------user deleted--------
[INFO ] 2023-07-21 13:29:50.144 [main] UserTest - --------viewing all user--------
[INFO ] 2023-07-21 13:29:51.059 [main] UserTest - --------all users displayed--------
[INFO ] 2023-07-21 13:29:51.225 [main] UserTest2 - --------creating user--------
[INFO ] 2023-07-21 13:29:51.971 [main] UserTest2 - --------user is created--------
[INFO ] 2023-07-21 13:29:51.980 [main] UserTest2 - --------reading user info--------
[INFO ] 2023-07-21 13:29:52.582 [main] UserTest2 - --------user info displayed--------
[INFO ] 2023-07-21 13:29:52.591 [main] UserTest2 - --------updaating user--------
[INFO ] 2023-07-21 13:29:53.324 [main] UserTest2 - --------user updated--------
[INFO ] 2023-07-21 13:29:53.343 [main] UserTest2 - --------deleting user--------
[INFO ] 2023-07-21 13:29:53.930 [main] UserTest2 - --------user deleted--------
[INFO ] 2023-07-21 13:29:53.939 [main] UserTest2 - --------viewing all user--------
[INFO ] 2023-07-21 13:33:33.595 [main] UserTest - --------creating user--------
[INFO ] 2023-07-21 13:33:43.654 [main] UserTest - --------user is created--------
[INFO ] 2023-07-21 13:33:43.696 [main] UserTest - --------reading user info--------
[INFO ] 2023-07-21 13:33:45.051 [main] UserTest - --------user info displayed--------
[INFO ] 2023-07-21 13:33:45.076 [main] UserTest - --------updaating user--------
[INFO ] 2023-07-21 13:33:45.728 [main] UserTest - --------user updated--------
[INFO ] 2023-07-21 13:33:45.739 [main] UserTest - --------deleting user--------
[INFO ] 2023-07-21 13:33:46.498 [main] UserTest - --------user deleted--------
[INFO ] 2023-07-21 13:33:46.509 [main] UserTest - --------viewing all user--------
[INFO ] 2023-07-21 13:33:47.274 [main] UserTest - --------all users displayed--------
[INFO ] 2023-07-21 13:33:47.378 [main] UserTest2 - --------creating user--------
[INFO ] 2023-07-21 13:33:48.116 [main] UserTest2 - --------user is created--------
[INFO ] 2023-07-21 13:33:48.126 [main] UserTest2 - --------reading user info--------
[INFO ] 2023-07-21 13:33:48.771 [main] UserTest2 - --------user info displayed--------
[INFO ] 2023-07-21 13:33:48.791 [main] UserTest2 - --------updaating user--------
[INFO ] 2023-07-21 13:33:49.463 [main] UserTest2 - --------user updated--------
[INFO ] 2023-07-21 13:33:49.471 [main] UserTest2 - --------deleting user--------
[INFO ] 2023-07-21 13:33:50.157 [main] UserTest2 - --------user deleted--------
[INFO ] 2023-07-21 13:33:50.167 [main] UserTest2 - --------viewing all user--------
[INFO ] 2023-07-21 13:33:50.758 [main] UserTest2 - --------all users displayed--------
[INFO ] 2023-07-21 14:13:52.570 [main] UserTest - --------creating user--------
[INFO ] 2023-07-21 14:13:59.685 [main] UserTest - --------user is created--------
[INFO ] 2023-07-21 14:13:59.701 [main] UserTest - --------reading user info--------
[INFO ] 2023-07-21 14:14:00.943 [main] UserTest - --------user info displayed--------
[INFO ] 2023-07-21 14:14:00.954 [main] UserTest - --------updaating user--------
[INFO ] 2023-07-21 14:14:02.305 [main] UserTest - --------user updated--------
[INFO ] 2023-07-21 14:14:02.316 [main] UserTest - --------deleting user--------
[INFO ] 2023-07-21 14:14:03.002 [main] UserTest - --------user deleted--------
[INFO ] 2023-07-21 14:14:03.011 [main] UserTest - --------viewing all user--------
[INFO ] 2023-07-21 14:14:03.640 [main] UserTest - --------all users displayed--------
[INFO ] 2023-07-21 14:14:09.042 [main] UserTest2 - --------creating user--------
[INFO ] 2023-07-21 14:14:09.677 [main] UserTest2 - --------user is created--------
[INFO ] 2023-07-21 14:14:09.682 [main] UserTest2 - --------reading user info--------
[INFO ] 2023-07-21 14:14:10.357 [main] UserTest2 - --------user info displayed--------
[INFO ] 2023-07-21 14:14:10.367 [main] UserTest2 - --------updaating user--------
[INFO ] 2023-07-21 14:14:10.988 [main] UserTest2 - --------user updated--------
[INFO ] 2023-07-21 14:14:10.998 [main] UserTest2 - --------deleting user--------
[INFO ] 2023-07-21 14:14:11.591 [main] UserTest2 - --------user deleted--------
[INFO ] 2023-07-21 14:14:11.600 [main] UserTest2 - --------viewing all user--------
[INFO ] 2023-07-21 14:14:12.240 [main] UserTest2 - --------all users displayed--------
[INFO ] 2023-07-21 14:36:03.671 [main] UserTest - --------creating user--------
[INFO ] 2023-07-21 14:36:11.751 [main] UserTest - --------user is created--------
[INFO ] 2023-07-21 14:36:11.764 [main] UserTest - --------reading user info--------
[INFO ] 2023-07-21 14:36:14.229 [main] UserTest - --------user info displayed--------
[INFO ] 2023-07-21 14:36:14.243 [main] UserTest - --------updaating user--------
[INFO ] 2023-07-21 14:36:15.126 [main] UserTest - --------user updated--------
[INFO ] 2023-07-21 14:36:15.149 [main] UserTest - --------deleting user--------
[INFO ] 2023-07-21 14:36:15.695 [main] UserTest - --------user deleted--------
[INFO ] 2023-07-21 14:36:15.706 [main] UserTest - --------viewing all user--------
[INFO ] 2023-07-21 14:36:16.313 [main] UserTest - --------all users displayed--------
[INFO ] 2023-07-21 14:36:21.067 [main] UserTest2 - --------creating user--------
[INFO ] 2023-07-21 14:36:21.654 [main] UserTest2 - --------user is created--------
[INFO ] 2023-07-21 14:36:21.664 [main] UserTest2 - --------reading user info--------
[INFO ] 2023-07-21 14:36:22.277 [main] UserTest2 - --------user info displayed--------
[INFO ] 2023-07-21 14:36:22.285 [main] UserTest2 - --------updaating user--------
[INFO ] 2023-07-21 14:36:23.781 [main] UserTest2 - --------user updated--------
[INFO ] 2023-07-21 14:36:23.796 [main] UserTest2 - --------deleting user--------
[INFO ] 2023-07-21 14:36:24.397 [main] UserTest2 - --------user deleted--------
[INFO ] 2023-07-21 14:36:24.403 [main] UserTest2 - --------viewing all user--------
[INFO ] 2023-07-21 14:36:24.975 [main] UserTest2 - --------all users displayed--------
[INFO ] 2023-07-21 15:01:46.834 [main] UserTest - --------creating user--------
[INFO ] 2023-07-21 15:01:51.658 [main] UserTest - --------user is created--------
[INFO ] 2023-07-21 15:01:51.672 [main] UserTest - --------reading user info--------
[INFO ] 2023-07-21 15:01:52.384 [main] UserTest - --------user info displayed--------
[INFO ] 2023-07-21 15:01:52.396 [main] UserTest - --------updaating user--------
[INFO ] 2023-07-21 15:01:53.101 [main] UserTest - --------user updated--------
[INFO ] 2023-07-21 15:01:53.108 [main] UserTest - --------deleting user--------
[INFO ] 2023-07-21 15:01:53.674 [main] UserTest - --------user deleted--------
[INFO ] 2023-07-21 15:01:53.682 [main] UserTest - --------viewing all user--------
[INFO ] 2023-07-21 15:01:54.363 [main] UserTest - --------all users displayed--------
[INFO ] 2023-07-21 15:01:59.156 [main] UserTest2 - --------creating user--------
[INFO ] 2023-07-21 15:01:59.857 [main] UserTest2 - --------user is created--------
[INFO ] 2023-07-21 15:01:59.864 [main] UserTest2 - --------reading user info--------
[INFO ] 2023-07-21 15:02:00.545 [main] UserTest2 - --------user info displayed--------
[INFO ] 2023-07-21 15:02:00.554 [main] UserTest2 - --------updaating user--------
[INFO ] 2023-07-21 15:02:01.303 [main] UserTest2 - --------user updated--------
[INFO ] 2023-07-21 15:02:01.313 [main] UserTest2 - --------deleting user--------
[INFO ] 2023-07-21 15:02:05.448 [main] UserTest2 - --------user deleted--------
[INFO ] 2023-07-21 15:02:05.455 [main] UserTest2 - --------viewing all user--------
[INFO ] 2023-07-21 15:02:06.189 [main] UserTest2 - --------all users displayed--------
[INFO ] 2023-07-21 15:05:55.674 [main] UserTest - --------creating user--------
[INFO ] 2023-07-21 15:06:01.142 [main] UserTest - --------user is created--------
[INFO ] 2023-07-21 15:06:01.156 [main] UserTest - --------reading user info--------
[INFO ] 2023-07-21 15:06:02.524 [main] UserTest - --------user info displayed--------
[INFO ] 2023-07-21 15:06:02.538 [main] UserTest - --------updaating user--------
[INFO ] 2023-07-21 15:06:03.167 [main] UserTest - --------user updated--------
[INFO ] 2023-07-21 15:06:03.186 [main] UserTest - --------deleting user--------
[INFO ] 2023-07-21 15:06:03.822 [main] UserTest - --------user deleted--------
[INFO ] 2023-07-21 15:06:03.833 [main] UserTest - --------viewing all user--------
[INFO ] 2023-07-21 15:06:04.447 [main] UserTest - --------all users displayed--------
[INFO ] 2023-07-21 15:06:09.286 [main] UserTest2 - --------creating user--------
[INFO ] 2023-07-21 15:06:09.917 [main] UserTest2 - --------user is created--------
[INFO ] 2023-07-21 15:06:09.930 [main] UserTest2 - --------reading user info--------
[INFO ] 2023-07-21 15:06:10.569 [main] UserTest2 - --------user info displayed--------
[INFO ] 2023-07-21 15:06:10.586 [main] UserTest2 - --------updaating user--------
[INFO ] 2023-07-21 15:06:11.193 [main] UserTest2 - --------user updated--------
[INFO ] 2023-07-21 15:06:11.200 [main] UserTest2 - --------deleting user--------
[INFO ] 2023-07-21 15:06:11.858 [main] UserTest2 - --------user deleted--------
[INFO ] 2023-07-21 15:06:11.865 [main] UserTest2 - --------viewing all user--------
[INFO ] 2023-07-21 15:06:12.502 [main] UserTest2 - --------all users displayed--------
[INFO ] 2023-07-21 15:10:07.812 [main] UserTest - --------creating user--------
[INFO ] 2023-07-21 15:10:15.441 [main] UserTest - --------user is created--------
[INFO ] 2023-07-21 15:10:15.455 [main] UserTest - --------reading user info--------
[INFO ] 2023-07-21 15:10:16.531 [main] UserTest - --------user info displayed--------
[INFO ] 2023-07-21 15:10:16.548 [main] UserTest - --------updaating user--------
[INFO ] 2023-07-21 15:10:17.205 [main] UserTest - --------user updated--------
[INFO ] 2023-07-21 15:10:17.217 [main] UserTest - --------deleting user--------
[INFO ] 2023-07-21 15:10:17.965 [main] UserTest - --------user deleted--------
[INFO ] 2023-07-21 15:10:17.975 [main] UserTest - --------viewing all user--------
[INFO ] 2023-07-21 15:10:18.695 [main] UserTest - --------all users displayed--------
[INFO ] 2023-07-21 15:10:23.649 [main] UserTest2 - --------creating user--------
[INFO ] 2023-07-21 15:10:24.421 [main] UserTest2 - --------user is created--------
[INFO ] 2023-07-21 15:10:24.429 [main] UserTest2 - --------reading user info--------
[INFO ] 2023-07-21 15:10:25.265 [main] UserTest2 - --------user info displayed--------
[INFO ] 2023-07-21 15:10:25.275 [main] UserTest2 - --------updaating user--------
[INFO ] 2023-07-21 15:10:26.468 [main] UserTest2 - --------user updated--------
[INFO ] 2023-07-21 15:10:26.474 [main] UserTest2 - --------deleting user--------
[INFO ] 2023-07-21 15:10:27.413 [main] UserTest2 - --------user deleted--------
[INFO ] 2023-07-21 15:10:27.421 [main] UserTest2 - --------viewing all user--------
[INFO ] 2023-07-21 15:10:28.365 [main] UserTest2 - --------all users displayed--------
[INFO ] 2023-07-21 15:15:43.516 [main] UserTest - --------creating user--------
[INFO ] 2023-07-21 15:15:52.535 [main] UserTest - --------user is created--------
[INFO ] 2023-07-21 15:15:52.577 [main] UserTest - --------reading user info--------
[INFO ] 2023-07-21 15:15:54.366 [main] UserTest - --------user info displayed--------
[INFO ] 2023-07-21 15:15:54.377 [main] UserTest - --------updaating user--------
[INFO ] 2023-07-21 15:15:55.306 [main] UserTest - --------user updated--------
[INFO ] 2023-07-21 15:15:55.313 [main] UserTest - --------deleting user--------
[INFO ] 2023-07-21 15:15:57.138 [main] UserTest - --------user deleted--------
[INFO ] 2023-07-21 15:15:57.144 [main] UserTest - --------viewing all user--------
[INFO ] 2023-07-21 15:16:14.853 [main] UserTest - --------all users displayed--------
[INFO ] 2023-07-21 15:16:14.959 [main] UserTest2 - --------creating user--------
[INFO ] 2023-07-21 15:16:20.199 [main] UserTest2 - --------user is created--------
[INFO ] 2023-07-21 15:16:20.205 [main] UserTest2 - --------reading user info--------
[INFO ] 2023-07-21 15:16:21.624 [main] UserTest2 - --------user info displayed--------
[INFO ] 2023-07-21 15:16:21.628 [main] UserTest2 - --------updaating user--------
[INFO ] 2023-07-21 15:16:23.545 [main] UserTest2 - --------user updated--------
[INFO ] 2023-07-21 15:16:23.550 [main] UserTest2 - --------deleting user--------
[INFO ] 2023-07-21 15:16:24.325 [main] UserTest2 - --------user deleted--------
[INFO ] 2023-07-21 15:16:24.330 [main] UserTest2 - --------viewing all user--------
[INFO ] 2023-07-21 15:16:25.404 [main] UserTest2 - --------all users displayed--------
[INFO ] 2023-07-21 15:19:34.453 [main] UserTest - --------creating user--------
[INFO ] 2023-07-21 15:19:43.581 [main] UserTest - --------user is created--------
[INFO ] 2023-07-21 15:19:43.610 [main] UserTest - --------reading user info--------
[INFO ] 2023-07-21 15:19:46.500 [main] UserTest - --------user info displayed--------
[INFO ] 2023-07-21 15:19:46.508 [main] UserTest - --------updaating user--------
[INFO ] 2023-07-21 15:20:00.989 [main] UserTest - --------user updated--------
[INFO ] 2023-07-21 15:20:00.996 [main] UserTest - --------deleting user--------
[INFO ] 2023-07-21 15:20:06.283 [main] UserTest - --------user deleted--------
[INFO ] 2023-07-21 15:20:06.293 [main] UserTest - --------viewing all user--------
[INFO ] 2023-07-21 15:20:06.960 [main] UserTest - --------all users displayed--------
[INFO ] 2023-07-21 15:20:07.104 [main] UserTest2 - --------creating user--------
[INFO ] 2023-07-21 15:20:09.819 [main] UserTest2 - --------user is created--------
[INFO ] 2023-07-21 15:20:09.823 [main] UserTest2 - --------reading user info--------
[INFO ] 2023-07-21 15:20:11.274 [main] UserTest2 - --------user info displayed--------
[INFO ] 2023-07-21 15:20:11.279 [main] UserTest2 - --------updaating user--------
[INFO ] 2023-07-21 15:20:12.416 [main] UserTest2 - --------user updated--------
[INFO ] 2023-07-21 15:20:12.421 [main] UserTest2 - --------deleting user--------
[INFO ] 2023-07-21 15:20:14.179 [main] UserTest2 - --------user deleted--------
[INFO ] 2023-07-21 15:20:14.184 [main] UserTest2 - --------viewing all user--------
[INFO ] 2023-07-21 15:20:16.515 [main] UserTest2 - --------all users displayed--------
[INFO ] 2023-07-21 15:40:37.206 [main] UserTest - --------creating user--------
[INFO ] 2023-07-21 15:40:46.706 [main] UserTest - --------user is created--------
[INFO ] 2023-07-21 15:40:46.745 [main] UserTest - --------reading user info--------
[INFO ] 2023-07-21 15:40:48.392 [main] UserTest - --------user info displayed--------
[INFO ] 2023-07-21 15:40:48.395 [main] UserTest - --------updaating user--------
[INFO ] 2023-07-21 15:40:50.812 [main] UserTest - --------user updated--------
[INFO ] 2023-07-21 15:40:50.820 [main] UserTest - --------deleting user--------
[INFO ] 2023-07-21 15:40:51.572 [main] UserTest - --------user deleted--------
[INFO ] 2023-07-21 15:40:51.575 [main] UserTest - --------viewing all user--------
[INFO ] 2023-07-21 15:40:52.989 [main] UserTest - --------all users displayed--------
[INFO ] 2023-07-21 15:40:53.109 [main] UserTest2 - --------creating user--------
[INFO ] 2023-07-21 15:40:54.750 [main] UserTest2 - --------user is created--------
[INFO ] 2023-07-21 15:40:54.755 [main] UserTest2 - --------reading user info--------
[INFO ] 2023-07-21 15:40:55.343 [main] UserTest2 - --------user info displayed--------
[INFO ] 2023-07-21 15:40:55.347 [main] UserTest2 - --------updaating user--------
[INFO ] 2023-07-21 15:40:56.064 [main] UserTest2 - --------user updated--------
[INFO ] 2023-07-21 15:40:56.066 [main] UserTest2 - --------deleting user--------
[INFO ] 2023-07-21 15:40:57.478 [main] UserTest2 - --------user deleted--------
[INFO ] 2023-07-21 15:40:57.483 [main] UserTest2 - --------viewing all user--------
[INFO ] 2023-07-21 15:40:58.189 [main] UserTest2 - --------all users displayed--------
[INFO ] 2023-07-21 17:18:13.487 [main] UserTest - --------creating user--------
[INFO ] 2023-07-21 17:18:24.512 [main] UserTest - --------user is created--------
[INFO ] 2023-07-21 17:18:24.543 [main] UserTest - --------reading user info--------
[INFO ] 2023-07-21 17:18:25.590 [main] UserTest - --------user info displayed--------
[INFO ] 2023-07-21 17:18:25.590 [main] UserTest - --------updaating user--------
[INFO ] 2023-07-21 17:18:26.278 [main] UserTest - --------user updated--------
[INFO ] 2023-07-21 17:18:26.293 [main] UserTest - --------deleting user--------
[INFO ] 2023-07-21 17:18:26.935 [main] UserTest - --------user deleted--------
[INFO ] 2023-07-21 17:18:26.951 [main] UserTest - --------viewing all user--------
[INFO ] 2023-07-21 17:18:27.622 [main] UserTest - --------all users displayed--------
[INFO ] 2023-07-21 17:18:27.716 [main] UserTest2 - --------creating user--------
[INFO ] 2023-07-21 17:18:28.610 [main] UserTest2 - --------user is created--------
[INFO ] 2023-07-21 17:18:28.626 [main] UserTest2 - --------reading user info--------
[INFO ] 2023-07-21 17:18:38.519 [main] UserTest2 - --------user info displayed--------
[INFO ] 2023-07-21 17:18:38.519 [main] UserTest2 - --------updaating user--------
[INFO ] 2023-07-21 17:20:24.400 [main] UserTest - --------creating user--------
[INFO ] 2023-07-21 17:20:27.369 [main] UserTest - --------reading user info--------
[INFO ] 2023-07-21 17:20:27.400 [main] UserTest - --------updaating user--------
[INFO ] 2023-07-21 17:20:27.415 [main] UserTest - --------deleting user--------
[INFO ] 2023-07-21 17:20:27.415 [main] UserTest - --------viewing all user--------
[INFO ] 2023-07-21 17:20:27.665 [main] UserTest2 - --------creating user--------
[INFO ] 2023-07-21 17:20:27.759 [main] UserTest2 - --------reading user info--------
[INFO ] 2023-07-21 17:20:27.775 [main] UserTest2 - --------updaating user--------
[INFO ] 2023-07-21 17:20:27.775 [main] UserTest2 - --------deleting user--------
[INFO ] 2023-07-21 17:20:27.790 [main] UserTest2 - --------viewing all user--------
[INFO ] 2023-07-21 17:22:12.281 [main] UserTest - --------creating user--------
[INFO ] 2023-07-21 17:22:15.140 [main] UserTest - --------reading user info--------
[INFO ] 2023-07-21 17:22:15.140 [main] UserTest - --------updaating user--------
[INFO ] 2023-07-21 17:22:15.156 [main] UserTest - --------deleting user--------
[INFO ] 2023-07-21 17:22:15.171 [main] UserTest - --------viewing all user--------
[INFO ] 2023-07-21 17:22:15.359 [main] UserTest2 - --------creating user--------
[INFO ] 2023-07-21 17:22:15.390 [main] UserTest2 - --------reading user info--------
[INFO ] 2023-07-21 17:22:15.406 [main] UserTest2 - --------updaating user--------
[INFO ] 2023-07-21 17:22:15.406 [main] UserTest2 - --------deleting user--------
[INFO ] 2023-07-21 17:22:15.421 [main] UserTest2 - --------viewing all user--------
[INFO ] 2023-07-21 17:22:38.902 [main] UserTest - --------creating user--------
[INFO ] 2023-07-21 17:22:46.432 [main] UserTest - --------user is created--------
[INFO ] 2023-07-21 17:22:46.464 [main] UserTest - --------reading user info--------
[INFO ] 2023-07-21 17:22:47.535 [main] UserTest - --------user info displayed--------
[INFO ] 2023-07-21 17:22:47.535 [main] UserTest - --------updaating user--------
[INFO ] 2023-07-21 17:22:48.175 [main] UserTest - --------user updated--------
[INFO ] 2023-07-21 17:22:48.175 [main] UserTest - --------deleting user--------
[INFO ] 2023-07-21 17:22:48.834 [main] UserTest - --------user deleted--------
[INFO ] 2023-07-21 17:22:48.850 [main] UserTest - --------viewing all user--------
[INFO ] 2023-07-21 17:22:49.477 [main] UserTest - --------all users displayed--------
[INFO ] 2023-07-21 17:22:49.617 [main] UserTest2 - --------creating user--------
[INFO ] 2023-07-21 17:22:50.217 [main] UserTest2 - --------user is created--------
[INFO ] 2023-07-21 17:22:50.233 [main] UserTest2 - --------reading user info--------
[INFO ] 2023-07-21 17:22:50.889 [main] UserTest2 - --------user info displayed--------
[INFO ] 2023-07-21 17:22:50.905 [main] UserTest2 - --------updaating user--------
[INFO ] 2023-07-21 17:22:51.514 [main] UserTest2 - --------user updated--------
[INFO ] 2023-07-21 17:22:51.514 [main] UserTest2 - --------deleting user--------
[INFO ] 2023-07-21 17:22:52.124 [main] UserTest2 - --------user deleted--------
[INFO ] 2023-07-21 17:22:52.124 [main] UserTest2 - --------viewing all user--------
[INFO ] 2023-07-21 17:22:52.796 [main] UserTest2 - --------all users displayed--------
[INFO ] 2023-07-21 17:30:20.808 [main] UserTest - --------creating user--------
[INFO ] 2023-07-21 17:30:28.303 [main] UserTest - --------user is created--------
[INFO ] 2023-07-21 17:30:28.332 [main] UserTest - --------reading user info--------
[INFO ] 2023-07-21 17:30:30.160 [main] UserTest - --------user info displayed--------
[INFO ] 2023-07-21 17:30:30.166 [main] UserTest - --------updaating user--------
[INFO ] 2023-07-21 17:30:30.870 [main] UserTest - --------user updated--------
[INFO ] 2023-07-21 17:30:30.877 [main] UserTest - --------deleting user--------
[INFO ] 2023-07-21 17:30:31.492 [main] UserTest - --------user deleted--------
[INFO ] 2023-07-21 17:30:31.499 [main] UserTest - --------viewing all user--------
[INFO ] 2023-07-21 17:30:32.105 [main] UserTest - --------all users displayed--------
[INFO ] 2023-07-21 17:30:32.214 [main] UserTest2 - --------creating user--------
[INFO ] 2023-07-21 17:30:32.820 [main] UserTest2 - --------user is created--------
[INFO ] 2023-07-21 17:30:32.824 [main] UserTest2 - --------reading user info--------
[INFO ] 2023-07-21 17:30:33.426 [main] UserTest2 - --------user info displayed--------
[INFO ] 2023-07-21 17:30:33.432 [main] UserTest2 - --------updaating user--------
[INFO ] 2023-07-21 17:30:33.991 [main] UserTest2 - --------user updated--------
[INFO ] 2023-07-21 17:30:33.997 [main] UserTest2 - --------deleting user--------
[INFO ] 2023-07-21 17:30:34.556 [main] UserTest2 - --------user deleted--------
[INFO ] 2023-07-21 17:30:34.563 [main] UserTest2 - --------viewing all user--------
[INFO ] 2023-07-21 17:30:35.191 [main] UserTest2 - --------all users displayed--------
[INFO ] 2023-07-21 17:32:38.078 [main] UserTest - --------creating user--------
[INFO ] 2023-07-21 17:32:45.354 [main] UserTest - --------user is created--------
[INFO ] 2023-07-21 17:32:45.379 [main] UserTest - --------reading user info--------
[INFO ] 2023-07-21 17:32:46.445 [main] UserTest - --------user info displayed--------
[INFO ] 2023-07-21 17:32:46.453 [main] UserTest - --------updaating user--------
[INFO ] 2023-07-21 17:32:47.066 [main] UserTest - --------user updated--------
[INFO ] 2023-07-21 17:32:47.074 [main] UserTest - --------deleting user--------
[INFO ] 2023-07-21 17:32:47.728 [main] UserTest - --------user deleted--------
[INFO ] 2023-07-21 17:32:47.735 [main] UserTest - --------viewing all user--------
[INFO ] 2023-07-21 17:32:48.336 [main] UserTest - --------all users displayed--------
[INFO ] 2023-07-21 17:32:48.468 [main] UserTest2 - --------creating user--------
[INFO ] 2023-07-21 17:32:49.065 [main] UserTest2 - --------user is created--------
[INFO ] 2023-07-21 17:32:49.069 [main] UserTest2 - --------reading user info--------
[INFO ] 2023-07-21 17:32:49.630 [main] UserTest2 - --------user info displayed--------
[INFO ] 2023-07-21 17:32:49.632 [main] UserTest2 - --------updaating user--------
[INFO ] 2023-07-21 17:32:50.172 [main] UserTest2 - --------user updated--------
[INFO ] 2023-07-21 17:32:50.177 [main] UserTest2 - --------deleting user--------
[INFO ] 2023-07-21 17:32:50.866 [main] UserTest2 - --------user deleted--------
[INFO ] 2023-07-21 17:32:50.871 [main] UserTest2 - --------viewing all user--------
[INFO ] 2023-07-21 17:32:51.403 [main] UserTest2 - --------all users displayed--------
[INFO ] 2023-07-21 17:33:21.394 [main] UserTest - --------creating user--------
[INFO ] 2023-07-21 17:33:27.278 [main] UserTest - --------user is created--------
[INFO ] 2023-07-21 17:33:27.345 [main] UserTest - --------reading user info--------
[INFO ] 2023-07-21 17:33:28.491 [main] UserTest - --------user info displayed--------
[INFO ] 2023-07-21 17:33:28.506 [main] UserTest - --------updaating user--------
[INFO ] 2023-07-21 17:33:29.052 [main] UserTest - --------user updated--------
[INFO ] 2023-07-21 17:33:29.063 [main] UserTest - --------deleting user--------
[INFO ] 2023-07-21 17:33:29.591 [main] UserTest - --------user deleted--------
[INFO ] 2023-07-21 17:33:29.604 [main] UserTest - --------viewing all user--------
[INFO ] 2023-07-21 17:33:30.164 [main] UserTest - --------all users displayed--------
[INFO ] 2023-07-21 17:33:30.310 [main] UserTest2 - --------creating user--------
[INFO ] 2023-07-21 17:33:30.859 [main] UserTest2 - --------user is created--------
[INFO ] 2023-07-21 17:33:30.874 [main] UserTest2 - --------reading user info--------
[INFO ] 2023-07-21 17:33:31.356 [main] UserTest2 - --------user info displayed--------
[INFO ] 2023-07-21 17:33:31.361 [main] UserTest2 - --------updaating user--------
[INFO ] 2023-07-21 17:33:31.909 [main] UserTest2 - --------user updated--------
[INFO ] 2023-07-21 17:33:31.922 [main] UserTest2 - --------deleting user--------
[INFO ] 2023-07-21 17:33:32.469 [main] UserTest2 - --------user deleted--------
[INFO ] 2023-07-21 17:33:32.480 [main] UserTest2 - --------viewing all user--------
[INFO ] 2023-07-21 17:33:33.014 [main] UserTest2 - --------all users displayed--------
[INFO ] 2023-07-21 17:35:18.313 [main] UserTest - --------creating user--------
[INFO ] 2023-07-21 17:35:25.038 [main] UserTest - --------user is created--------
[INFO ] 2023-07-21 17:35:25.070 [main] UserTest - --------reading user info--------
[INFO ] 2023-07-21 17:35:26.080 [main] UserTest - --------user info displayed--------
[INFO ] 2023-07-21 17:35:26.093 [main] UserTest - --------updaating user--------
[INFO ] 2023-07-21 17:35:26.656 [main] UserTest - --------user updated--------
[INFO ] 2023-07-21 17:35:26.668 [main] UserTest - --------deleting user--------
[INFO ] 2023-07-21 17:35:27.217 [main] UserTest - --------user deleted--------
[INFO ] 2023-07-21 17:35:27.228 [main] UserTest - --------viewing all user--------
[INFO ] 2023-07-21 17:35:27.799 [main] UserTest - --------all users displayed--------
[INFO ] 2023-07-21 17:35:27.899 [main] UserTest2 - --------creating user--------
[INFO ] 2023-07-21 17:35:28.502 [main] UserTest2 - --------user is created--------
[INFO ] 2023-07-21 17:35:28.537 [main] UserTest2 - --------reading user info--------
[INFO ] 2023-07-21 17:35:29.110 [main] UserTest2 - --------user info displayed--------
[INFO ] 2023-07-21 17:35:29.120 [main] UserTest2 - --------updaating user--------
[INFO ] 2023-07-21 17:35:29.701 [main] UserTest2 - --------user updated--------
[INFO ] 2023-07-21 17:35:29.706 [main] UserTest2 - --------deleting user--------
[INFO ] 2023-07-21 17:35:30.323 [main] UserTest2 - --------user deleted--------
[INFO ] 2023-07-21 17:35:30.332 [main] UserTest2 - --------viewing all user--------
[INFO ] 2023-07-21 17:35:30.912 [main] UserTest2 - --------all users displayed--------
[INFO ] 2023-07-21 17:38:33.244 [main] UserTest - --------creating user--------
[INFO ] 2023-07-21 17:38:38.068 [main] UserTest - --------user is created--------
[INFO ] 2023-07-21 17:38:38.095 [main] UserTest - --------reading user info--------
[INFO ] 2023-07-21 17:38:39.171 [main] UserTest - --------user info displayed--------
[INFO ] 2023-07-21 17:38:39.188 [main] UserTest - --------updaating user--------
[INFO ] 2023-07-21 17:38:39.784 [main] UserTest - --------user updated--------
[INFO ] 2023-07-21 17:38:39.797 [main] UserTest - --------deleting user--------
[INFO ] 2023-07-21 17:38:40.372 [main] UserTest - --------user deleted--------
[INFO ] 2023-07-21 17:38:40.383 [main] UserTest - --------viewing all user--------
[INFO ] 2023-07-21 17:38:40.931 [main] UserTest - --------all users displayed--------
[INFO ] 2023-07-21 17:38:41.064 [main] UserTest2 - --------creating user--------
[INFO ] 2023-07-21 17:38:41.630 [main] UserTest2 - --------user is created--------
[INFO ] 2023-07-21 17:38:41.639 [main] UserTest2 - --------reading user info--------
[INFO ] 2023-07-21 17:38:42.158 [main] UserTest2 - --------user info displayed--------
[INFO ] 2023-07-21 17:38:42.176 [main] UserTest2 - --------updaating user--------
[INFO ] 2023-07-21 17:38:42.810 [main] UserTest2 - --------user updated--------
[INFO ] 2023-07-21 17:38:42.818 [main] UserTest2 - --------deleting user--------
[INFO ] 2023-07-21 17:38:43.370 [main] UserTest2 - --------user deleted--------
[INFO ] 2023-07-21 17:38:43.384 [main] UserTest2 - --------viewing all user--------
[INFO ] 2023-07-21 17:38:43.920 [main] UserTest2 - --------all users displayed--------
[INFO ] 2023-07-21 17:39:39.140 [main] UserTest - --------creating user--------
[INFO ] 2023-07-21 17:39:44.818 [main] UserTest - --------user is created--------
[INFO ] 2023-07-21 17:39:44.851 [main] UserTest - --------reading user info--------
[INFO ] 2023-07-21 17:39:46.381 [main] UserTest - --------user info displayed--------
[INFO ] 2023-07-21 17:39:46.394 [main] UserTest - --------updaating user--------
[INFO ] 2023-07-21 17:39:46.971 [main] UserTest - --------user updated--------
[INFO ] 2023-07-21 17:39:46.986 [main] UserTest - --------deleting user--------
[INFO ] 2023-07-21 17:39:47.574 [main] UserTest - --------user deleted--------
[INFO ] 2023-07-21 17:39:47.584 [main] UserTest - --------viewing all user--------
[INFO ] 2023-07-21 17:39:48.243 [main] UserTest - --------all users displayed--------
[INFO ] 2023-07-21 17:39:48.370 [main] UserTest2 - --------creating user--------
[INFO ] 2023-07-21 17:39:49.038 [main] UserTest2 - --------user is created--------
[INFO ] 2023-07-21 17:39:49.049 [main] UserTest2 - --------reading user info--------
[INFO ] 2023-07-21 17:39:49.561 [main] UserTest2 - --------user info displayed--------
[INFO ] 2023-07-21 17:39:49.565 [main] UserTest2 - --------updaating user--------
[INFO ] 2023-07-21 17:39:50.127 [main] UserTest2 - --------user updated--------
[INFO ] 2023-07-21 17:39:50.136 [main] UserTest2 - --------deleting user--------
[INFO ] 2023-07-21 17:39:50.666 [main] UserTest2 - --------user deleted--------
[INFO ] 2023-07-21 17:39:50.675 [main] UserTest2 - --------viewing all user--------
[INFO ] 2023-07-21 17:39:51.246 [main] UserTest2 - --------all users displayed--------
[INFO ] 2023-07-21 17:47:46.313 [main] UserTest - --------creating user--------
[INFO ] 2023-07-21 17:47:53.564 [main] UserTest - --------user is created--------
[INFO ] 2023-07-21 17:47:53.589 [main] UserTest - --------reading user info--------
[INFO ] 2023-07-21 17:47:54.875 [main] UserTest - --------user info displayed--------
[INFO ] 2023-07-21 17:47:54.883 [main] UserTest - --------updaating user--------
[INFO ] 2023-07-21 17:47:55.522 [main] UserTest - --------user updated--------
[INFO ] 2023-07-21 17:47:55.529 [main] UserTest - --------deleting user--------
[INFO ] 2023-07-21 17:47:56.152 [main] UserTest - --------user deleted--------
[INFO ] 2023-07-21 17:47:56.158 [main] UserTest - --------viewing all user--------
[INFO ] 2023-07-21 17:47:56.691 [main] UserTest - --------all users displayed--------
[INFO ] 2023-07-21 17:47:56.785 [main] UserTest2 - --------creating user--------
[INFO ] 2023-07-21 17:47:57.343 [main] UserTest2 - --------user is created--------
[INFO ] 2023-07-21 17:47:57.346 [main] UserTest2 - --------reading user info--------
[INFO ] 2023-07-21 17:47:57.856 [main] UserTest2 - --------user info displayed--------
[INFO ] 2023-07-21 17:47:57.861 [main] UserTest2 - --------updaating user--------
[INFO ] 2023-07-21 17:47:58.427 [main] UserTest2 - --------user updated--------
[INFO ] 2023-07-21 17:47:58.432 [main] UserTest2 - --------deleting user--------
[INFO ] 2023-07-21 17:47:58.944 [main] UserTest2 - --------user deleted--------
[INFO ] 2023-07-21 17:47:58.949 [main] UserTest2 - --------viewing all user--------
[INFO ] 2023-07-21 17:47:59.536 [main] UserTest2 - --------all users displayed--------
[INFO ] 2023-07-21 17:56:06.266 [main] UserTest - --------creating user--------
[INFO ] 2023-07-21 17:56:11.699 [main] UserTest - --------user is created--------
[INFO ] 2023-07-21 17:56:11.722 [main] UserTest - --------reading user info--------
[INFO ] 2023-07-21 17:56:12.402 [main] UserTest - --------user info displayed--------
[INFO ] 2023-07-21 17:56:12.416 [main] UserTest - --------updaating user--------
[INFO ] 2023-07-21 17:56:13.007 [main] UserTest - --------user updated--------
[INFO ] 2023-07-21 17:56:13.019 [main] UserTest - --------deleting user--------
[INFO ] 2023-07-21 17:56:13.622 [main] UserTest - --------user deleted--------
[INFO ] 2023-07-21 17:56:13.632 [main] UserTest - --------viewing all user--------
[INFO ] 2023-07-21 17:56:14.169 [main] UserTest - --------all users displayed--------
[INFO ] 2023-07-21 17:56:14.279 [main] UserTest2 - --------creating user--------
[INFO ] 2023-07-21 17:56:14.916 [main] UserTest2 - --------user is created--------
[INFO ] 2023-07-21 17:56:14.929 [main] UserTest2 - --------reading user info--------
[INFO ] 2023-07-21 17:56:15.552 [main] UserTest2 - --------user info displayed--------
[INFO ] 2023-07-21 17:56:15.560 [main] UserTest2 - --------updaating user--------
[INFO ] 2023-07-21 17:56:16.156 [main] UserTest2 - --------user updated--------
[INFO ] 2023-07-21 17:56:16.164 [main] UserTest2 - --------deleting user--------
[INFO ] 2023-07-21 17:56:16.778 [main] UserTest2 - --------user deleted--------
[INFO ] 2023-07-21 17:56:16.786 [main] UserTest2 - --------viewing all user--------
[INFO ] 2023-07-21 17:56:17.295 [main] UserTest2 - --------all users displayed--------
[INFO ] 2023-07-21 17:57:57.777 [main] UserTest - --------creating user--------
[INFO ] 2023-07-21 17:58:02.899 [main] UserTest - --------user is created--------
[INFO ] 2023-07-21 17:58:02.949 [main] UserTest - --------reading user info--------
[INFO ] 2023-07-21 17:58:04.095 [main] UserTest - --------user info displayed--------
[INFO ] 2023-07-21 17:58:04.109 [main] UserTest - --------updaating user--------
[INFO ] 2023-07-21 17:58:04.716 [main] UserTest - --------user updated--------
[INFO ] 2023-07-21 17:58:04.725 [main] UserTest - --------deleting user--------
[INFO ] 2023-07-21 17:58:05.275 [main] UserTest - --------user deleted--------
[INFO ] 2023-07-21 17:58:05.286 [main] UserTest - --------viewing all user--------
[INFO ] 2023-07-21 17:58:05.826 [main] UserTest - --------all users displayed--------
[INFO ] 2023-07-21 17:58:05.943 [main] UserTest2 - --------creating user--------
[INFO ] 2023-07-21 17:58:06.560 [main] UserTest2 - --------user is created--------
[INFO ] 2023-07-21 17:58:06.581 [main] UserTest2 - --------reading user info--------
[INFO ] 2023-07-21 17:58:07.140 [main] UserTest2 - --------user info displayed--------
[INFO ] 2023-07-21 17:58:07.143 [main] UserTest2 - --------updaating user--------
[INFO ] 2023-07-21 17:58:07.689 [main] UserTest2 - --------user updated--------
[INFO ] 2023-07-21 17:58:07.695 [main] UserTest2 - --------deleting user--------
[INFO ] 2023-07-21 17:58:08.190 [main] UserTest2 - --------user deleted--------
[INFO ] 2023-07-21 17:58:08.194 [main] UserTest2 - --------viewing all user--------
[INFO ] 2023-07-21 17:58:08.724 [main] UserTest2 - --------all users displayed--------
[INFO ] 2023-07-21 17:58:45.051 [main] UserTest - --------creating user--------
[INFO ] 2023-07-21 17:58:50.584 [main] UserTest - --------user is created--------
[INFO ] 2023-07-21 17:58:50.616 [main] UserTest - --------reading user info--------
[INFO ] 2023-07-21 17:58:51.788 [main] UserTest - --------user info displayed--------
[INFO ] 2023-07-21 17:58:51.803 [main] UserTest - --------updaating user--------
[INFO ] 2023-07-21 17:58:52.413 [main] UserTest - --------user updated--------
[INFO ] 2023-07-21 17:58:52.413 [main] UserTest - --------deleting user--------
[INFO ] 2023-07-21 17:58:53.100 [main] UserTest - --------user deleted--------
[INFO ] 2023-07-21 17:58:53.100 [main] UserTest - --------viewing all user--------
[INFO ] 2023-07-21 17:58:53.741 [main] UserTest - --------all users displayed--------
[INFO ] 2023-07-21 17:58:53.850 [main] UserTest2 - --------creating user--------
[INFO ] 2023-07-21 17:58:54.428 [main] UserTest2 - --------user is created--------
[INFO ] 2023-07-21 17:58:54.428 [main] UserTest2 - --------reading user info--------
[INFO ] 2023-07-21 17:58:54.968 [main] UserTest2 - --------user info displayed--------
[INFO ] 2023-07-21 17:58:54.984 [main] UserTest2 - --------updaating user--------
[INFO ] 2023-07-21 17:58:55.593 [main] UserTest2 - --------user updated--------
[INFO ] 2023-07-21 17:58:55.609 [main] UserTest2 - --------deleting user--------
[INFO ] 2023-07-21 17:58:56.124 [main] UserTest2 - --------user deleted--------
[INFO ] 2023-07-21 17:58:56.140 [main] UserTest2 - --------viewing all user--------
[INFO ] 2023-07-21 17:58:56.749 [main] UserTest2 - --------all users displayed--------
